<?xml version="1.0" encoding="UTF-8"?>
<testng-results ignored="0" total="1" passed="1" failed="0" skipped="0">
  <reporter-output>
  </reporter-output>
  <suite started-at="2024-02-07T12:39:34 IST" name="Default suite" finished-at="2024-02-07T12:40:39 IST" duration-ms="65669">
    <groups>
    </groups>
    <test started-at="2024-02-07T12:39:34 IST" name="Default test" finished-at="2024-02-07T12:40:39 IST" duration-ms="65669">
      <class name="amazon_project.asss">
        <test-method is-config="true" signature="test1()[pri:0, instance:amazon_project.asss@3a4ba480]" started-at="2024-02-07T12:39:34 IST" name="test1" finished-at="2024-02-07T12:39:40 IST" duration-ms="6680" status="PASS">
          <reporter-output>
          </reporter-output>
        </test-method> <!-- test1 -->
        <test-method signature="t1()[pri:1, instance:amazon_project.asss@3a4ba480]" started-at="2024-02-07T12:39:40 IST" name="t1" finished-at="2024-02-07T12:40:39 IST" duration-ms="58715" status="PASS">
          <reporter-output>
          </reporter-output>
        </test-method> <!-- t1 -->
      </class> <!-- amazon_project.asss -->
    </test> <!-- Default test -->
  </suite> <!-- Default suite -->
</testng-results>
